#
# There is insufficient memory for the Java Runtime Environment to continue.
# Native memory allocation (malloc) failed to allocate 1017616 bytes for Chunk::new
# Possible reasons:
#   The system is out of physical RAM or swap space
#   In 32 bit mode, the process size limit was hit
# Possible solutions:
#   Reduce memory load on the system
#   Increase physical memory or swap space
#   Check if swap backing store is full
#   Use 64 bit Java on a 64 bit OS
#   Decrease Java heap size (-Xmx/-Xms)
#   Decrease number of Java threads
#   Decrease Java thread stack sizes (-Xss)
#   Set larger code cache with -XX:ReservedCodeCacheSize=
# This output file may be truncated or incomplete.
#
#  Out of Memory Error (allocation.cpp:390), pid=19100, tid=0x0000000000004e28
#
# JRE version: OpenJDK Runtime Environment (8.0_152-b01) (build 1.8.0_152-release-1343-b01)
# Java VM: OpenJDK 64-Bit Server VM (25.152-b01 mixed mode windows-amd64 compressed oops)
# Failed to write core dump. Minidumps are not enabled by default on client versions of Windows
#

---------------  T H R E A D  ---------------

Current thread (0x00000000160c8000):  JavaThread "C2 CompilerThread0" daemon [_thread_in_native, id=20008, stack(0x0000000017710000,0x0000000017810000)]

Stack: [0x0000000017710000,0x0000000017810000]
[error occurred during error reporting (printing stack bounds), id 0xc0000005]

Native frames: (J=compiled Java code, j=interpreted, Vv=VM code, C=native code)


Current CompileTask:
C2:1620779 21717       4       org.gradle.api.internal.file.collections.DefaultFileCollectionResolveContext::doResolve (346 bytes)


---------------  P R O C E S S  ---------------

Java Threads: ( => current thread )
  0x000000001849d800 JavaThread "Cache worker for Build Output Cleanup Cache (C:\Users\seema\AndroidStudioProjects\Press_Me\.gradle\buildOutputCleanup)" [_thread_blocked, id=17176, stack(0x000000002f200000,0x000000002f300000)]
  0x00000000184a0000 JavaThread "Build operations Thread 4" [_thread_blocked, id=12540, stack(0x000000002f100000,0x000000002f200000)]
  0x0000000018497000 JavaThread "Build operations Thread 3" [_thread_blocked, id=25132, stack(0x000000002f000000,0x000000002f100000)]
  0x0000000018496000 JavaThread "Build operations Thread 2" [_thread_blocked, id=1472, stack(0x000000002ef00000,0x000000002f000000)]
  0x000000001849c000 JavaThread "Build operations" [_thread_blocked, id=24148, stack(0x000000002ee00000,0x000000002ef00000)]
  0x000000001849b800 JavaThread "Cache worker for cache directory md-rule (C:\Users\seema\.gradle\caches\5.1.1\md-rule)" [_thread_blocked, id=17588, stack(0x000000002ed00000,0x000000002ee00000)]
  0x0000000018494000 JavaThread "Cache worker for cache directory md-supplier (C:\Users\seema\.gradle\caches\5.1.1\md-supplier)" [_thread_blocked, id=13356, stack(0x000000002ec00000,0x000000002ed00000)]
  0x0000000018492800 JavaThread "Cache worker for file hash cache (C:\Users\seema\AndroidStudioProjects\Press_Me\.gradle\5.1.1\fileHashes)" [_thread_blocked, id=14832, stack(0x000000002eb00000,0x000000002ec00000)]
  0x0000000018498800 JavaThread "Thread-168" [_thread_blocked, id=19344, stack(0x000000002ea00000,0x000000002eb00000)]
  0x000000001bbc2800 JavaThread "Stdin handler" [_thread_blocked, id=11240, stack(0x000000002e900000,0x000000002ea00000)]
  0x000000001bbc1000 JavaThread "Asynchronous log dispatcher for DefaultDaemonConnection: socket connection from /127.0.0.1:55573 to /127.0.0.1:57087" [_thread_blocked, id=312, stack(0x000000002e800000,0x000000002e900000)]
  0x000000001bbc7000 JavaThread "Daemon worker Thread 7" [_thread_in_vm, id=14488, stack(0x000000002e700000,0x000000002e800000)]
  0x000000001bbc1800 JavaThread "Cancel handler" [_thread_blocked, id=22544, stack(0x000000002e600000,0x000000002e700000)]
  0x000000001bbc7800 JavaThread "Handler for socket connection from /127.0.0.1:55573 to /127.0.0.1:57087" [_thread_in_native, id=4652, stack(0x000000002e500000,0x000000002e600000)]
  0x000000001bbc6000 JavaThread "Daemon Thread 7" [_thread_blocked, id=19032, stack(0x000000002e400000,0x000000002e500000)]
  0x000000001bbc3000 JavaThread "Cache worker for Java compile cache (C:\Users\seema\.gradle\caches\5.1.1\javaCompile)" [_thread_blocked, id=10748, stack(0x0000000029f00000,0x000000002a000000)]
  0x0000000018491800 JavaThread "Cache worker for file content cache (C:\Users\seema\.gradle\caches\5.1.1\fileContent)" [_thread_blocked, id=24016, stack(0x0000000029900000,0x0000000029a00000)]
  0x0000000018493000 JavaThread "Memory manager" [_thread_blocked, id=21740, stack(0x0000000021e20000,0x0000000021f20000)]
  0x0000000019365800 JavaThread "Cache worker for execution history cache (C:\Users\seema\.gradle\caches\5.1.1\executionHistory)" [_thread_blocked, id=4008, stack(0x000000001fc50000,0x000000001fd50000)]
  0x0000000019360800 JavaThread "Cache worker for journal cache (C:\Users\seema\.gradle\caches\journal-1)" [_thread_blocked, id=6164, stack(0x000000001ab60000,0x000000001ac60000)]
  0x0000000019361000 JavaThread "File lock request listener" [_thread_in_native, id=11484, stack(0x000000001aa60000,0x000000001ab60000)]
  0x000000001935a000 JavaThread "Cache worker for file hash cache (C:\Users\seema\.gradle\caches\5.1.1\fileHashes)" [_thread_blocked, id=14760, stack(0x000000001a960000,0x000000001aa60000)]
  0x0000000018cc1000 JavaThread "Daemon periodic checks" [_thread_blocked, id=24140, stack(0x0000000019f60000,0x000000001a060000)]
  0x0000000018cc0800 JavaThread "Incoming local TCP Connector on port 55573" [_thread_in_native, id=13192, stack(0x0000000019d20000,0x0000000019e20000)]
  0x0000000017a38800 JavaThread "Service Thread" daemon [_thread_blocked, id=25160, stack(0x0000000017e10000,0x0000000017f10000)]
  0x00000000160cf800 JavaThread "C1 CompilerThread2" daemon [_thread_blocked, id=20284, stack(0x0000000017910000,0x0000000017a10000)]
  0x00000000160cc000 JavaThread "C2 CompilerThread1" daemon [_thread_in_native, id=12176, stack(0x0000000017810000,0x0000000017910000)]
=>0x00000000160c8000 JavaThread "C2 CompilerThread0" daemon [_thread_in_native, id=20008, stack(0x0000000017710000,0x0000000017810000)]
  0x00000000160d5800 JavaThread "Attach Listener" daemon [_thread_blocked, id=14472, stack(0x0000000017610000,0x0000000017710000)]
  0x00000000160d4800 JavaThread "Signal Dispatcher" daemon [_thread_blocked, id=24204, stack(0x0000000017510000,0x0000000017610000)]
  0x000000000275b800 JavaThread "Finalizer" daemon [_thread_blocked, id=4224, stack(0x0000000017320000,0x0000000017420000)]
  0x0000000002750800 JavaThread "Reference Handler" daemon [_thread_blocked, id=8504, stack(0x0000000017220000,0x0000000017320000)]
  0x000000000265e000 JavaThread "main" [_thread_blocked, id=25084, stack(0x0000000002530000,0x0000000002630000)]

Other Threads:
  0x0000000016097000 VMThread [stack: 0x0000000017120000,0x0000000017220000] [id=13776]
  0x000000001612d800 WatcherThread [stack: 0x0000000017f10000,0x0000000018010000] [id=22776]

VM state:not at safepoint (normal execution)

VM Mutex/Monitor currently owned by a thread: None

Heap:
 PSYoungGen      total 286720K, used 261995K [0x00000000e0000000, 0x00000000f6300000, 0x0000000100000000)
  eden space 232448K, 95% used [0x00000000e0000000,0x00000000ed89ef30,0x00000000ee300000)
  from space 54272K, 74% used [0x00000000ee300000,0x00000000f0a3bf90,0x00000000f1800000)
  to   space 57344K, 0% used [0x00000000f2b00000,0x00000000f2b00000,0x00000000f6300000)
 ParOldGen       total 215552K, used 101735K [0x00000000a0000000, 0x00000000ad280000, 0x00000000e0000000)
  object space 215552K, 47% used [0x00000000a0000000,0x00000000a6359d38,0x00000000ad280000)
 Metaspace       used 151946K, capacity 160320K, committed 160576K, reserved 1189888K
  class space    used 19300K, capacity 20773K, committed 20864K, reserved 1048576K

Card table byte_map: [0x0000000011b20000,0x0000000011e30000] byte_map_base: 0x0000000011620000

Marking Bits: (ParMarkBitMap*) 0x0000000057625aa0
 Begin Bits: [0x0000000012430000, 0x0000000013c30000)
 End Bits:   [0x0000000013c30000, 0x0000000015430000)

Polling page: 0x0000000002460000

CodeCache: size=245760Kb used=61150Kb max_used=61906Kb free=184609Kb
 bounds [0x0000000002760000, 0x0000000006430000, 0x0000000011760000]
 total_blobs=18578 nmethods=17652 adapters=836
 compilation: enabled

Compilation events (10 events):
Event: 1620.307 Thread 0x00000000160cf800 nmethod 21725 0x000000000627e250 code [0x000000000627e440, 0x000000000627ec68]
Event: 1620.307 Thread 0x00000000160cf800 21726       3       org.gradle.api.internal.artifacts.dependencies.DefaultExternalModuleDependency_Decorated::getExcludeRules (37 bytes)
Event: 1620.309 Thread 0x00000000160cf800 nmethod 21726 0x00000000061733d0 code [0x00000000061735e0, 0x0000000006174008]
Event: 1620.331 Thread 0x00000000160cc000 21727       4       com.google.common.collect.ImmutableMap::containsKey (14 bytes)
Event: 1620.341 Thread 0x00000000160cc000 nmethod 21727 0x000000000616fb50 code [0x000000000616fca0, 0x0000000006170018]
Event: 1620.391 Thread 0x00000000160cc000 21728       4       org.gradle.api.internal.attributes.DefaultImmutableAttributes::contains (9 bytes)
Event: 1620.402 Thread 0x00000000160cc000 nmethod 21728 0x000000000616f290 code [0x000000000616f3e0, 0x000000000616f6f8]
Event: 1620.468 Thread 0x00000000160cf800 21729       3       org.gradle.api.internal.artifacts.ivyservice.resolveengine.graph.conflicts.VersionConflictResolutionDetails::<init> (25 bytes)
Event: 1620.469 Thread 0x00000000160cf800 nmethod 21729 0x000000000616ead0 code [0x000000000616ec60, 0x000000000616f088]
Event: 1620.660 Thread 0x00000000160cc000 21730       4       java.util.ArrayDeque::toArray (12 bytes)

GC Heap History (10 events):
Event: 772.555 GC heap before
{Heap before GC invocations=25 (full 4):
 PSYoungGen      total 244736K, used 234267K [0x00000000e0000000, 0x00000000f1b00000, 0x0000000100000000)
  eden space 207360K, 100% used [0x00000000e0000000,0x00000000eca80000,0x00000000eca80000)
  from space 37376K, 71% used [0x00000000ef080000,0x00000000f0ac6f10,0x00000000f1500000)
  to   space 38912K, 0% used [0x00000000eca80000,0x00000000eca80000,0x00000000ef080000)
 ParOldGen       total 215552K, used 70803K [0x00000000a0000000, 0x00000000ad280000, 0x00000000e0000000)
  object space 215552K, 32% used [0x00000000a0000000,0x00000000a4524f38,0x00000000ad280000)
 Metaspace       used 116793K, capacity 122750K, committed 122944K, reserved 1157120K
  class space    used 14920K, capacity 15994K, committed 16000K, reserved 1048576K
Event: 772.604 GC heap after
Heap after GC invocations=25 (full 4):
 PSYoungGen      total 246272K, used 38907K [0x00000000e0000000, 0x00000000f3600000, 0x0000000100000000)
  eden space 207360K, 0% used [0x00000000e0000000,0x00000000e0000000,0x00000000eca80000)
  from space 38912K, 99% used [0x00000000eca80000,0x00000000ef07ed30,0x00000000ef080000)
  to   space 45568K, 0% used [0x00000000f0980000,0x00000000f0980000,0x00000000f3600000)
 ParOldGen       total 215552K, used 73100K [0x00000000a0000000, 0x00000000ad280000, 0x00000000e0000000)
  object space 215552K, 33% used [0x00000000a0000000,0x00000000a47630d0,0x00000000ad280000)
 Metaspace       used 116793K, capacity 122750K, committed 122944K, reserved 1157120K
  class space    used 14920K, capacity 15994K, committed 16000K, reserved 1048576K
}
Event: 780.112 GC heap before
{Heap before GC invocations=26 (full 4):
 PSYoungGen      total 246272K, used 246267K [0x00000000e0000000, 0x00000000f3600000, 0x0000000100000000)
  eden space 207360K, 100% used [0x00000000e0000000,0x00000000eca80000,0x00000000eca80000)
  from space 38912K, 99% used [0x00000000eca80000,0x00000000ef07ed30,0x00000000ef080000)
  to   space 45568K, 0% used [0x00000000f0980000,0x00000000f0980000,0x00000000f3600000)
 ParOldGen       total 215552K, used 73100K [0x00000000a0000000, 0x00000000ad280000, 0x00000000e0000000)
  object space 215552K, 33% used [0x00000000a0000000,0x00000000a47630d0,0x00000000ad280000)
 Metaspace       used 128964K, capacity 135630K, committed 135872K, reserved 1167360K
  class space    used 16609K, capacity 17829K, committed 17920K, reserved 1048576K
Event: 780.186 GC heap after
Heap after GC invocations=26 (full 4):
 PSYoungGen      total 263168K, used 45539K [0x00000000e0000000, 0x00000000f4900000, 0x0000000100000000)
  eden space 217600K, 0% used [0x00000000e0000000,0x00000000e0000000,0x00000000ed480000)
  from space 45568K, 99% used [0x00000000f0980000,0x00000000f35f8f00,0x00000000f3600000)
  to   space 54272K, 0% used [0x00000000ed480000,0x00000000ed480000,0x00000000f0980000)
 ParOldGen       total 215552K, used 78340K [0x00000000a0000000, 0x00000000ad280000, 0x00000000e0000000)
  object space 215552K, 36% used [0x00000000a0000000,0x00000000a4c810f8,0x00000000ad280000)
 Metaspace       used 128964K, capacity 135630K, committed 135872K, reserved 1167360K
  class space    used 16609K, capacity 17829K, committed 17920K, reserved 1048576K
}
Event: 1164.210 GC heap before
{Heap before GC invocations=27 (full 4):
 PSYoungGen      total 263168K, used 263139K [0x00000000e0000000, 0x00000000f4900000, 0x0000000100000000)
  eden space 217600K, 100% used [0x00000000e0000000,0x00000000ed480000,0x00000000ed480000)
  from space 45568K, 99% used [0x00000000f0980000,0x00000000f35f8f00,0x00000000f3600000)
  to   space 54272K, 0% used [0x00000000ed480000,0x00000000ed480000,0x00000000f0980000)
 ParOldGen       total 215552K, used 78340K [0x00000000a0000000, 0x00000000ad280000, 0x00000000e0000000)
  object space 215552K, 36% used [0x00000000a0000000,0x00000000a4c810f8,0x00000000ad280000)
 Metaspace       used 133363K, capacity 140308K, committed 140608K, reserved 1171456K
  class space    used 16999K, capacity 18249K, committed 18304K, reserved 1048576K
Event: 1164.283 GC heap after
Heap after GC invocations=27 (full 4):
 PSYoungGen      total 271872K, used 19055K [0x00000000e0000000, 0x00000000f4a80000, 0x0000000100000000)
  eden space 217600K, 0% used [0x00000000e0000000,0x00000000e0000000,0x00000000ed480000)
  from space 54272K, 35% used [0x00000000ed480000,0x00000000ee71bd08,0x00000000f0980000)
  to   space 51712K, 0% used [0x00000000f1800000,0x00000000f1800000,0x00000000f4a80000)
 ParOldGen       total 215552K, used 101719K [0x00000000a0000000, 0x00000000ad280000, 0x00000000e0000000)
  object space 215552K, 47% used [0x00000000a0000000,0x00000000a6355d38,0x00000000ad280000)
 Metaspace       used 133363K, capacity 140308K, committed 140608K, reserved 1171456K
  class space    used 16999K, capacity 18249K, committed 18304K, reserved 1048576K
}
Event: 1176.624 GC heap before
{Heap before GC invocations=28 (full 4):
 PSYoungGen      total 271872K, used 236655K [0x00000000e0000000, 0x00000000f4a80000, 0x0000000100000000)
  eden space 217600K, 100% used [0x00000000e0000000,0x00000000ed480000,0x00000000ed480000)
  from space 54272K, 35% used [0x00000000ed480000,0x00000000ee71bd08,0x00000000f0980000)
  to   space 51712K, 0% used [0x00000000f1800000,0x00000000f1800000,0x00000000f4a80000)
 ParOldGen       total 215552K, used 101719K [0x00000000a0000000, 0x00000000ad280000, 0x00000000e0000000)
  object space 215552K, 47% used [0x00000000a0000000,0x00000000a6355d38,0x00000000ad280000)
 Metaspace       used 146343K, capacity 154182K, committed 154304K, reserved 1183744K
  class space    used 18769K, capacity 20137K, committed 20224K, reserved 1048576K
Event: 1176.683 GC heap after
Heap after GC invocations=28 (full 4):
 PSYoungGen      total 284160K, used 37603K [0x00000000e0000000, 0x00000000f4f00000, 0x0000000100000000)
  eden space 232448K, 0% used [0x00000000e0000000,0x00000000e0000000,0x00000000ee300000)
  from space 51712K, 72% used [0x00000000f1800000,0x00000000f3cb8d88,0x00000000f4a80000)
  to   space 54272K, 0% used [0x00000000ee300000,0x00000000ee300000,0x00000000f1800000)
 ParOldGen       total 215552K, used 101727K [0x00000000a0000000, 0x00000000ad280000, 0x00000000e0000000)
  object space 215552K, 47% used [0x00000000a0000000,0x00000000a6357d38,0x00000000ad280000)
 Metaspace       used 146343K, capacity 154182K, committed 154304K, reserved 1183744K
  class space    used 18769K, capacity 20137K, committed 20224K, reserved 1048576K
}
Event: 1189.203 GC heap before
{Heap before GC invocations=29 (full 4):
 PSYoungGen      total 284160K, used 270051K [0x00000000e0000000, 0x00000000f4f00000, 0x0000000100000000)
  eden space 232448K, 100% used [0x00000000e0000000,0x00000000ee300000,0x00000000ee300000)
  from space 51712K, 72% used [0x00000000f1800000,0x00000000f3cb8d88,0x00000000f4a80000)
  to   space 54272K, 0% used [0x00000000ee300000,0x00000000ee300000,0x00000000f1800000)
 ParOldGen       total 215552K, used 101727K [0x00000000a0000000, 0x00000000ad280000, 0x00000000e0000000)
  object space 215552K, 47% used [0x00000000a0000000,0x00000000a6357d38,0x00000000ad280000)
 Metaspace       used 148082K, capacity 156004K, committed 156352K, reserved 1185792K
  class space    used 18971K, capacity 20382K, committed 20480K, reserved 1048576K
Event: 1189.338 GC heap after
Heap after GC invocations=29 (full 4):
 PSYoungGen      total 286720K, used 40175K [0x00000000e0000000, 0x00000000f6300000, 0x0000000100000000)
  eden space 232448K, 0% used [0x00000000e0000000,0x00000000e0000000,0x00000000ee300000)
  from space 54272K, 74% used [0x00000000ee300000,0x00000000f0a3bf90,0x00000000f1800000)
  to   space 57344K, 0% used [0x00000000f2b00000,0x00000000f2b00000,0x00000000f6300000)
 ParOldGen       total 215552K, used 101735K [0x00000000a0000000, 0x00000000ad280000, 0x00000000e0000000)
  object space 215552K, 47% used [0x00000000a0000000,0x00000000a6359d38,0x00000000ad280000)
 Metaspace       used 148082K, capacity 156004K, committed 156352K, reserved 1185792K
  class space    used 18971K, capacity 20382K, committed 20480K, reserved 1048576K
}

Deoptimization events (10 events):
Event: 1189.941 Thread 0x0000000018492800 Uncommon trap: reason=unstable_if action=reinterpret pc=0x000000000627f4e0 method=org.objectweb.asm.tree.MethodNode.accept(Lorg/objectweb/asm/MethodVisitor;)V @ 69
Event: 1189.942 Thread 0x0000000018492800 Uncommon trap: reason=unstable_if action=reinterpret pc=0x00000000062a1c38 method=org.objectweb.asm.MethodWriter.getSize()I @ 520
Event: 1189.942 Thread 0x0000000018492800 Uncommon trap: reason=unstable_if action=reinterpret pc=0x00000000062c79f4 method=org.objectweb.asm.MethodWriter.put(Lorg/objectweb/asm/ByteVector;)V @ 182
Event: 1190.261 Thread 0x0000000018492800 Uncommon trap: reason=unstable_if action=reinterpret pc=0x00000000062ef1f4 method=org.objectweb.asm.ClassReader.readField(Lorg/objectweb/asm/ClassVisitor;Lorg/objectweb/asm/Context;I)I @ 203
Event: 1190.261 Thread 0x0000000018492800 Uncommon trap: reason=unstable_if action=reinterpret pc=0x00000000062f2c90 method=org.objectweb.asm.tree.FieldNode.accept(Lorg/objectweb/asm/ClassVisitor;)V @ 100
Event: 1190.263 Thread 0x0000000018492800 Uncommon trap: reason=unstable_if action=reinterpret pc=0x00000000062a540c method=org.objectweb.asm.FieldWriter.getSize()I @ 149
Event: 1190.263 Thread 0x0000000018492800 Uncommon trap: reason=unstable_if action=reinterpret pc=0x000000000630f770 method=org.objectweb.asm.FieldWriter.put(Lorg/objectweb/asm/ByteVector;)V @ 133
Event: 1205.827 Thread 0x000000001bbc6000 Uncommon trap: reason=unstable_if action=reinterpret pc=0x00000000051ebb48 method=sun.nio.fs.WindowsPathParser.isLetter(C)Z @ 15
Event: 1609.062 Thread 0x000000001bbc7800 Uncommon trap: reason=class_check action=maybe_recompile pc=0x0000000003179fa0 method=java.lang.reflect.Array.newInstance(Ljava/lang/Class;I)Ljava/lang/Object; @ 2
Event: 1614.439 Thread 0x0000000018497000 Uncommon trap: reason=unstable_if action=reinterpret pc=0x000000000301f81c method=java.util.concurrent.ConcurrentHashMap.get(Ljava/lang/Object;)Ljava/lang/Object; @ 86

Classes redefined (0 events):
No events

Internal exceptions (10 events):
Event: 1617.244 Thread 0x000000001bbc7000 Exception <a 'sun/nio/fs/WindowsException'> (0x00000000ea88eaf8) thrown at [D:\src\AOSP-openjdk-cygwin\jdk8u\hotspot\src\share\vm\prims\jni.cpp, line 709]
Event: 1617.244 Thread 0x000000001bbc7000 Exception <a 'sun/nio/fs/WindowsException'> (0x00000000ea88f8c0) thrown at [D:\src\AOSP-openjdk-cygwin\jdk8u\hotspot\src\share\vm\prims\jni.cpp, line 709]
Event: 1617.244 Thread 0x000000001bbc7000 Exception <a 'sun/nio/fs/WindowsException'> (0x00000000ea891a90) thrown at [D:\src\AOSP-openjdk-cygwin\jdk8u\hotspot\src\share\vm\prims\jni.cpp, line 709]
Event: 1617.245 Thread 0x000000001bbc7000 Exception <a 'sun/nio/fs/WindowsException'> (0x00000000ea892898) thrown at [D:\src\AOSP-openjdk-cygwin\jdk8u\hotspot\src\share\vm\prims\jni.cpp, line 709]
Event: 1617.247 Thread 0x000000001bbc7000 Exception <a 'sun/nio/fs/WindowsException'> (0x00000000ea8959f0) thrown at [D:\src\AOSP-openjdk-cygwin\jdk8u\hotspot\src\share\vm\prims\jni.cpp, line 709]
Event: 1617.250 Thread 0x000000001bbc7000 Exception <a 'sun/nio/fs/WindowsException'> (0x00000000ea896830) thrown at [D:\src\AOSP-openjdk-cygwin\jdk8u\hotspot\src\share\vm\prims\jni.cpp, line 709]
Event: 1617.250 Thread 0x000000001bbc7000 Exception <a 'sun/nio/fs/WindowsException'> (0x00000000ea898a78) thrown at [D:\src\AOSP-openjdk-cygwin\jdk8u\hotspot\src\share\vm\prims\jni.cpp, line 709]
Event: 1617.250 Thread 0x000000001bbc7000 Exception <a 'sun/nio/fs/WindowsException'> (0x00000000ea899ae0) thrown at [D:\src\AOSP-openjdk-cygwin\jdk8u\hotspot\src\share\vm\prims\jni.cpp, line 709]
Event: 1619.388 Thread 0x000000001bbc7000 Exception <a 'java/lang/ClassNotFoundException': org/jetbrains/plugins/gradle/tooling/util/SourceSetCachedFinderBeanInfo> (0x00000000ec230838) thrown at [D:\src\AOSP-openjdk-cygwin\jdk8u\hotspot\src\share\vm\classfile\systemDictionary.cpp, line 210]
Event: 1619.397 Thread 0x000000001bbc7000 Exception <a 'java/lang/ClassNotFoundException': org/jetbrains/plugins/gradle/tooling/util/SourceSetCachedFinderCustomizer> (0x00000000ec242378) thrown at [D:\src\AOSP-openjdk-cygwin\jdk8u\hotspot\src\share\vm\classfile\systemDictionary.cpp, line 210]

Events (10 events):
Event: 1620.168 loading class com/android/java/model/impl/ArtifactModelImpl
Event: 1620.168 loading class com/android/java/model/impl/ArtifactModelImpl done
Event: 1620.170 loading class com/android/java/model/impl/ArtifactModelImpl$Companion
Event: 1620.170 loading class com/android/java/model/impl/ArtifactModelImpl$Companion done
Event: 1620.171 loading class kotlin/collections/MapsKt
Event: 1620.171 loading class kotlin/collections/MapsKt done
Event: 1620.171 loading class kotlin/ranges/RangesKt
Event: 1620.171 loading class kotlin/ranges/RangesKt done
Event: 1620.211 loading class org/gradle/tooling/model/internal/ImmutableDomainObjectSet
Event: 1620.211 loading class org/gradle/tooling/model/internal/ImmutableDomainObjectSet done


Dynamic libraries:
0x00007ff6c4340000 - 0x00007ff6c4371000 	C:\Program Files\Android\Android Studio\jre\bin\java.exe
0x00007ff90cd80000 - 0x00007ff90cf61000 	C:\WINDOWS\SYSTEM32\ntdll.dll
0x00007ff8db5c0000 - 0x00007ff8db5d2000 	C:\Program Files\AVAST Software\Avast\aswhook.dll
0x00007ff90bf00000 - 0x00007ff90bfb1000 	C:\WINDOWS\System32\KERNEL32.DLL
0x00007ff909530000 - 0x00007ff9097a3000 	C:\WINDOWS\System32\KERNELBASE.dll
0x00007ff90c3d0000 - 0x00007ff90c471000 	C:\WINDOWS\System32\ADVAPI32.dll
0x00007ff90c860000 - 0x00007ff90c8fe000 	C:\WINDOWS\System32\msvcrt.dll
0x00007ff90a650000 - 0x00007ff90a6ab000 	C:\WINDOWS\System32\sechost.dll
0x00007ff90c680000 - 0x00007ff90c7a4000 	C:\WINDOWS\System32\RPCRT4.dll
0x00007ff90bbf0000 - 0x00007ff90bd80000 	C:\WINDOWS\System32\USER32.dll
0x00007ff909980000 - 0x00007ff9099a0000 	C:\WINDOWS\System32\win32u.dll
0x00007ff90c4f0000 - 0x00007ff90c518000 	C:\WINDOWS\System32\GDI32.dll
0x00007ff909340000 - 0x00007ff9094d1000 	C:\WINDOWS\System32\gdi32full.dll
0x00007ff9097b0000 - 0x00007ff90984f000 	C:\WINDOWS\System32\msvcp_win.dll
0x00007ff9099a0000 - 0x00007ff909a98000 	C:\WINDOWS\System32\ucrtbase.dll
0x00007ff8f95d0000 - 0x00007ff8f9839000 	C:\WINDOWS\WinSxS\amd64_microsoft.windows.common-controls_6595b64144ccf1df_6.0.17134.950_none_fb3da4273069d3e0\COMCTL32.dll
0x00007ff90c070000 - 0x00007ff90c392000 	C:\WINDOWS\System32\combase.dll
0x00007ff909900000 - 0x00007ff909979000 	C:\WINDOWS\System32\bcryptPrimitives.dll
0x00007ff90c3a0000 - 0x00007ff90c3cd000 	C:\WINDOWS\System32\IMM32.DLL
0x0000000056d80000 - 0x0000000056e52000 	C:\Program Files\Android\Android Studio\jre\jre\bin\msvcr100.dll
0x0000000056e60000 - 0x00000000576a1000 	C:\Program Files\Android\Android Studio\jre\jre\bin\server\jvm.dll
0x00007ff90a2e0000 - 0x00007ff90a2e8000 	C:\WINDOWS\System32\PSAPI.DLL
0x00007ff8f5430000 - 0x00007ff8f5439000 	C:\WINDOWS\SYSTEM32\WSOCK32.dll
0x00007ff90c480000 - 0x00007ff90c4ec000 	C:\WINDOWS\System32\WS2_32.dll
0x00007ff9069f0000 - 0x00007ff906a13000 	C:\WINDOWS\SYSTEM32\WINMM.dll
0x00007ff8fd160000 - 0x00007ff8fd16a000 	C:\WINDOWS\SYSTEM32\VERSION.dll
0x00007ff9069c0000 - 0x00007ff9069ea000 	C:\WINDOWS\SYSTEM32\WINMMBASE.dll
0x00007ff9094e0000 - 0x00007ff909529000 	C:\WINDOWS\System32\cfgmgr32.dll
0x00007ff9055f0000 - 0x00007ff9055ff000 	C:\Program Files\Android\Android Studio\jre\jre\bin\verify.dll
0x00007ff9035b0000 - 0x00007ff9035d9000 	C:\Program Files\Android\Android Studio\jre\jre\bin\java.dll
0x00007ff8f6c70000 - 0x00007ff8f6c86000 	C:\Program Files\Android\Android Studio\jre\jre\bin\zip.dll
0x00007ff90a790000 - 0x00007ff90bbd0000 	C:\WINDOWS\System32\SHELL32.dll
0x00007ff90bfc0000 - 0x00007ff90c069000 	C:\WINDOWS\System32\shcore.dll
0x00007ff909aa0000 - 0x00007ff90a1ad000 	C:\WINDOWS\System32\windows.storage.dll
0x00007ff90c530000 - 0x00007ff90c581000 	C:\WINDOWS\System32\shlwapi.dll
0x00007ff909110000 - 0x00007ff909121000 	C:\WINDOWS\System32\kernel.appcore.dll
0x00007ff909130000 - 0x00007ff90914f000 	C:\WINDOWS\System32\profapi.dll
0x00007ff909090000 - 0x00007ff9090dc000 	C:\WINDOWS\System32\powrprof.dll
0x00007ff909100000 - 0x00007ff90910a000 	C:\WINDOWS\System32\FLTLIB.DLL
0x00007ff8f6c50000 - 0x00007ff8f6c6a000 	C:\Program Files\Android\Android Studio\jre\jre\bin\net.dll
0x00007ff908910000 - 0x00007ff908976000 	C:\WINDOWS\system32\mswsock.dll
0x00007ff8f69f0000 - 0x00007ff8f6a01000 	C:\Program Files\Android\Android Studio\jre\jre\bin\nio.dll
0x00007ff8f0500000 - 0x00007ff8f051e000 	C:\Users\seema\.gradle\native\25\windows-amd64\native-platform.dll
0x00007ff903a20000 - 0x00007ff903a2d000 	C:\Program Files\Android\Android Studio\jre\jre\bin\management.dll
0x00007ff908ac0000 - 0x00007ff908ad7000 	C:\WINDOWS\SYSTEM32\CRYPTSP.dll
0x00007ff9084c0000 - 0x00007ff9084f3000 	C:\WINDOWS\system32\rsaenh.dll
0x00007ff908bf0000 - 0x00007ff908c15000 	C:\WINDOWS\SYSTEM32\bcrypt.dll
0x00007ff908f90000 - 0x00007ff908fb8000 	C:\WINDOWS\SYSTEM32\USERENV.dll
0x00007ff908ae0000 - 0x00007ff908aeb000 	C:\WINDOWS\SYSTEM32\CRYPTBASE.dll
0x00007ff908660000 - 0x00007ff908698000 	C:\WINDOWS\SYSTEM32\IPHLPAPI.DLL
0x00007ff90c520000 - 0x00007ff90c528000 	C:\WINDOWS\System32\NSI.dll
0x00007ff8fdaf0000 - 0x00007ff8fdb06000 	C:\WINDOWS\SYSTEM32\dhcpcsvc6.DLL
0x00007ff8fe3f0000 - 0x00007ff8fe40a000 	C:\WINDOWS\SYSTEM32\dhcpcsvc.DLL
0x00007ff8eb810000 - 0x00007ff8eb834000 	C:\Program Files\Android\Android Studio\jre\jre\bin\sunec.dll
0x00007ff9086a0000 - 0x00007ff90875e000 	C:\WINDOWS\SYSTEM32\DNSAPI.dll
0x00007ff8f9590000 - 0x00007ff8f959a000 	C:\Windows\System32\rasadhlp.dll
0x00007ff8f9200000 - 0x00007ff8f9272000 	C:\WINDOWS\System32\fwpuclnt.dll
0x00007ff903a30000 - 0x00007ff903a3b000 	C:\Program Files\Android\Android Studio\jre\jre\bin\sunmscapi.dll
0x00007ff909150000 - 0x00007ff909332000 	C:\WINDOWS\System32\CRYPT32.dll
0x00007ff9090e0000 - 0x00007ff9090f2000 	C:\WINDOWS\System32\MSASN1.dll
0x00007ff9068e0000 - 0x00007ff90696b000 	C:\WINDOWS\system32\apphelp.dll

VM Arguments:
jvm_args: -Xmx1536m -Dfile.encoding=windows-1252 -Duser.country=US -Duser.language=en -Duser.variant 
java_command: org.gradle.launcher.daemon.bootstrap.GradleDaemon 5.1.1
java_class_path (initial): C:\Users\seema\.gradle\wrapper\dists\gradle-5.1.1-all\97z1ksx6lirer3kbvdnh7jtjg\gradle-5.1.1\lib\gradle-launcher-5.1.1.jar
Launcher Type: SUN_STANDARD

Environment Variables:
JAVA_HOME=C:\Program Files\Java\jdk1.8.0_144
PATH=C:\ProgramData\Oracle\Java\javapath;C:\WINDOWS\system32;C:\WINDOWS;C:\WINDOWS\System32\Wbem;C:\WINDOWS\System32\WindowsPowerShell\v1.0\;C:\Program Files\dotnet\;C:\WINDOWS\System32\OpenSSH\;C:\Users\seema\AppData\Local\Microsoft\WindowsApps;
USERNAME=seema
OS=Windows_NT
PROCESSOR_IDENTIFIER=Intel64 Family 6 Model 78 Stepping 3, GenuineIntel



---------------  S Y S T E M  ---------------

OS: Windows 10.0 , 64 bit Build 17134 (10.0.17134.753)

CPU:total 4 (initial active 4) (2 cores per cpu, 2 threads per core) family 6 model 78 stepping 3, cmov, cx8, fxsr, mmx, sse, sse2, sse3, ssse3, sse4.1, sse4.2, popcnt, avx, avx2, aes, clmul, erms, rtm, 3dnowpref, lzcnt, ht, tsc, tscinvbit, bmi1, bmi2, adx

Memory: 4k page, physical 8312088k(711976k free), swap 33477912k(5264k free)

vm_info: OpenJDK 64-Bit Server VM (25.152-b01) for windows-amd64 JRE (1.8.0_152-release-1343-b01), built by "builder" with MS VC++ 10.0 (VS2010)

time: Wed Aug 28 10:15:25 2019
elapsed time: 1620 seconds (0d 0h 27m 0s)

